[2026-04-22 13:36:45] === INICIANDO PIPELINE ELT 2026 (PROCESAMIENTO TOTAL) ===
[2026-04-22 13:36:45] [OK] Diccionario cargado: 26 identidades de centros.
[2026-04-22 13:36:45] [ELT] Periodos a procesar: 3 -> [(2026, 1), (2026, 2), (2026, 3)]
[2026-04-22 13:36:45] [13:36:45] Iniciando lote de calculos para 2026-1...
[2026-04-22 13:36:45] Escaneando disco (1ra y unica vez): C:\Users\AnghelloVegaFlores\Documents\GitHub\METAS_SANITARIAS_2v\data\raw\rem\ANNIO_CURSO\SERIE_A
[2026-04-22 13:36:45] Escaneo particion SERIE_A finalizado | Validos: 35 | Denegados: 0 | Faltantes: 0
[2026-04-22 13:36:45] Escaneando disco (1ra y unica vez): C:\Users\AnghelloVegaFlores\Documents\GitHub\METAS_SANITARIAS_2v\data\raw\rem\ANNIO_PASADO\SERIE_A
[2026-04-22 13:36:45] Escaneo particion SERIE_A finalizado | Validos: 156 | Denegados: 1 | Faltantes: 0
[2026-04-22 13:37:27] [13:37:27] Lote de calculos finalizado.
[2026-04-22 13:37:27] 
================================================================================
[2026-04-22 13:37:27] === RESUMEN EXTRACCION METAS | PERIODO: 2026-01 ===
[2026-04-22 13:37:27] ================================================================================
[2026-04-22 13:37:27] 
--- META 1 ---
[2026-04-22 13:37:27] Codigo   | Nombre Centro                       | Num      | Den      | % Cump  
[2026-04-22 13:37:27] ---------------------------------------------------------------------------
[2026-04-22 13:37:27] 121305   | VILLA ALEGRE                        | 1.0      | 3.0      |   33.3%
[2026-04-22 13:37:27] 121306   | SANTA ROSA                          | 0.0      | 4.0      |    0.0%
[2026-04-22 13:37:27] 121307   | AMANECER                            | 3.0      | 6.0      |   50.0%
[2026-04-22 13:37:27] 121309   | PUEBLO NUEVO                        | 0.0      | 1.0      |    0.0%
[2026-04-22 13:37:27] 121347   | PEDRO DE VALDIVIA                   | 0.0      | 2.0      |    0.0%
[2026-04-22 13:37:27] 121350   | LABRANZA                            | 0.0      | 5.0      |    0.0%
[2026-04-22 13:37:27] 121352   | M. VALECH                           | 0.0      | 4.0      |    0.0%
[2026-04-22 13:37:27] 121780   | EL SALAR                            | 0.0      | 0.0      |    0.0%
[2026-04-22 13:37:27] 121782   | ARQUENCO                            | 0.0      | 0.0      |    0.0%
[2026-04-22 13:37:27] 121788   | LAS QUILAS                          | 0.0      | 0.0      |    0.0%
[2026-04-22 13:37:27] 200183   | EL CARMEN                           | 0.0      | 5.0      |    0.0%
[2026-04-22 13:37:27] ---------------------------------------------------------------------------
[2026-04-22 13:37:27] RED      | TOTAL CONSOLIDADO                   | 4.0      | 30.0     |   13.3%
[2026-04-22 13:37:27] 
--- META 3A ---
[2026-04-22 13:37:27] Codigo   | Nombre Centro                       | Num      | Den      | % Cump  
[2026-04-22 13:37:27] ---------------------------------------------------------------------------
[2026-04-22 13:37:27] 121305   | VILLA ALEGRE                        | 110.0    | 2469.0   |    4.5%
[2026-04-22 13:37:27] 121306   | SANTA ROSA                          | 146.0    | 2858.0   |    5.1%
[2026-04-22 13:37:27] 121307   | AMANECER                            | 214.0    | 3809.0   |    5.6%
[2026-04-22 13:37:27] 121309   | PUEBLO NUEVO                        | 122.0    | 2478.0   |    4.9%
[2026-04-22 13:37:27] 121347   | PEDRO DE VALDIVIA                   | 138.0    | 2266.0   |    6.1%
[2026-04-22 13:37:27] 121350   | LABRANZA                            | 194.0    | 4173.0   |    4.6%
[2026-04-22 13:37:27] 121352   | M. VALECH                           | 58.0     | 874.0    |    6.6%
[2026-04-22 13:37:27] 121780   | EL SALAR                            | 19.0     | 324.0    |    5.9%
[2026-04-22 13:37:27] 121782   | ARQUENCO                            | 31.0     | 375.0    |    8.3%
[2026-04-22 13:37:27] 121788   | LAS QUILAS                          | 15.0     | 360.0    |    4.2%
[2026-04-22 13:37:27] 200183   | EL CARMEN                           | 164.0    | 2403.0   |    6.8%
[2026-04-22 13:37:27] ---------------------------------------------------------------------------
[2026-04-22 13:37:27] RED      | TOTAL CONSOLIDADO                   | 1211.0   | 22389.0  |    5.4%
[2026-04-22 13:37:27] 
--- META 3B ---
[2026-04-22 13:37:27] Codigo   | Nombre Centro                       | Num      | Den      | % Cump  
[2026-04-22 13:37:27] ---------------------------------------------------------------------------
[2026-04-22 13:37:27] 121305   | VILLA ALEGRE                        | 8.0      | 300.0    |    2.7%
[2026-04-22 13:37:27] 121306   | SANTA ROSA                          | 9.0      | 309.0    |    2.9%
[2026-04-22 13:37:27] 121307   | AMANECER                            | 16.0     | 477.0    |    3.4%
[2026-04-22 13:37:27] 121309   | PUEBLO NUEVO                        | 4.0      | 283.0    |    1.4%
[2026-04-22 13:37:27] 121347   | PEDRO DE VALDIVIA                   | 10.0     | 263.0    |    3.8%
[2026-04-22 13:37:27] 121350   | LABRANZA                            | 2.0      | 493.0    |    0.4%
[2026-04-22 13:37:27] 121352   | M. VALECH                           | 0.0      | 99.0     |    0.0%
[2026-04-22 13:37:27] 121780   | EL SALAR                            | 1.0      | 33.0     |    3.0%
[2026-04-22 13:37:27] 121782   | ARQUENCO                            | 0.0      | 45.0     |    0.0%
[2026-04-22 13:37:27] 121788   | LAS QUILAS                          | 3.0      | 51.0     |    5.9%
[2026-04-22 13:37:27] 200183   | EL CARMEN                           | 9.0      | 262.0    |    3.4%
[2026-04-22 13:37:27] ---------------------------------------------------------------------------
[2026-04-22 13:37:27] RED      | TOTAL CONSOLIDADO                   | 62.0     | 2615.0   |    2.4%
[2026-04-22 13:37:27] 
--- META 6 ---
[2026-04-22 13:37:27] Codigo   | Nombre Centro                       | Num      | Den      | % Cump  
[2026-04-22 13:37:27] ---------------------------------------------------------------------------
[2026-04-22 13:37:27] 121305   | VILLA ALEGRE                        | 7.0      | 15.0     |   46.7%
[2026-04-22 13:37:27] 121306   | SANTA ROSA                          | 9.0      | 11.0     |   81.8%
[2026-04-22 13:37:27] 121307   | AMANECER                            | 11.0     | 26.0     |   42.3%
[2026-04-22 13:37:27] 121309   | PUEBLO NUEVO                        | 5.0      | 12.0     |   41.7%
[2026-04-22 13:37:27] 121347   | PEDRO DE VALDIVIA                   | 5.0      | 7.0      |   71.4%
[2026-04-22 13:37:27] 121350   | LABRANZA                            | 7.0      | 18.0     |   38.9%
[2026-04-22 13:37:27] 121352   | M. VALECH                           | 2.0      | 5.0      |   40.0%
[2026-04-22 13:37:27] 121780   | EL SALAR                            | 1.0      | 4.0      |   25.0%
[2026-04-22 13:37:27] 121782   | ARQUENCO                            | 0.0      | 1.0      |    0.0%
[2026-04-22 13:37:27] 121788   | LAS QUILAS                          | 0.0      | 1.0      |    0.0%
[2026-04-22 13:37:27] 200183   | EL CARMEN                           | 10.0     | 15.0     |   66.7%
[2026-04-22 13:37:27] ---------------------------------------------------------------------------
[2026-04-22 13:37:27] RED      | TOTAL CONSOLIDADO                   | 57.0     | 115.0    |   49.6%
[2026-04-22 13:37:27] ================================================================================

[2026-04-22 13:37:27] [13:37:27] Iniciando lote de calculos para 2026-2...
[2026-04-22 13:37:47] [13:37:47] Lote de calculos finalizado.
[2026-04-22 13:37:47] 
================================================================================
[2026-04-22 13:37:47] === RESUMEN EXTRACCION METAS | PERIODO: 2026-02 ===
[2026-04-22 13:37:47] ================================================================================
[2026-04-22 13:37:47] 
--- META 1 ---
[2026-04-22 13:37:47] Codigo   | Nombre Centro                       | Num      | Den      | % Cump  
[2026-04-22 13:37:47] ---------------------------------------------------------------------------
[2026-04-22 13:37:47] 121305   | VILLA ALEGRE                        | 1.0      | 4.0      |   25.0%
[2026-04-22 13:37:47] 121306   | SANTA ROSA                          | 1.0      | 5.0      |   20.0%
[2026-04-22 13:37:47] 121307   | AMANECER                            | 4.0      | 6.0      |   66.7%
[2026-04-22 13:37:47] 121309   | PUEBLO NUEVO                        | 0.0      | 1.0      |    0.0%
[2026-04-22 13:37:47] 121347   | PEDRO DE VALDIVIA                   | 0.0      | 2.0      |    0.0%
[2026-04-22 13:37:47] 121350   | LABRANZA                            | 0.0      | 10.0     |    0.0%
[2026-04-22 13:37:47] 121352   | M. VALECH                           | 0.0      | 4.0      |    0.0%
[2026-04-22 13:37:47] 121780   | EL SALAR                            | 0.0      | 0.0      |    0.0%
[2026-04-22 13:37:47] 121782   | ARQUENCO                            | 0.0      | 0.0      |    0.0%
[2026-04-22 13:37:47] 121788   | LAS QUILAS                          | 0.0      | 0.0      |    0.0%
[2026-04-22 13:37:47] 200183   | EL CARMEN                           | 0.0      | 8.0      |    0.0%
[2026-04-22 13:37:47] ---------------------------------------------------------------------------
[2026-04-22 13:37:47] RED      | TOTAL CONSOLIDADO                   | 6.0      | 40.0     |   15.0%
[2026-04-22 13:37:47] 
--- META 3A ---
[2026-04-22 13:37:47] Codigo   | Nombre Centro                       | Num      | Den      | % Cump  
[2026-04-22 13:37:47] ---------------------------------------------------------------------------
[2026-04-22 13:37:47] 121305   | VILLA ALEGRE                        | 207.0    | 2469.0   |    8.4%
[2026-04-22 13:37:47] 121306   | SANTA ROSA                          | 281.0    | 2858.0   |    9.8%
[2026-04-22 13:37:47] 121307   | AMANECER                            | 315.0    | 3809.0   |    8.3%
[2026-04-22 13:37:47] 121309   | PUEBLO NUEVO                        | 202.0    | 2478.0   |    8.2%
[2026-04-22 13:37:47] 121347   | PEDRO DE VALDIVIA                   | 272.0    | 2266.0   |   12.0%
[2026-04-22 13:37:47] 121350   | LABRANZA                            | 315.0    | 4173.0   |    7.5%
[2026-04-22 13:37:47] 121352   | M. VALECH                           | 58.0     | 874.0    |    6.6%
[2026-04-22 13:37:47] 121780   | EL SALAR                            | 32.0     | 324.0    |    9.9%
[2026-04-22 13:37:47] 121782   | ARQUENCO                            | 54.0     | 375.0    |   14.4%
[2026-04-22 13:37:47] 121788   | LAS QUILAS                          | 29.0     | 360.0    |    8.1%
[2026-04-22 13:37:47] 200183   | EL CARMEN                           | 301.0    | 2403.0   |   12.5%
[2026-04-22 13:37:47] ---------------------------------------------------------------------------
[2026-04-22 13:37:47] RED      | TOTAL CONSOLIDADO                   | 2066.0   | 22389.0  |    9.2%
[2026-04-22 13:37:47] 
--- META 3B ---
[2026-04-22 13:37:47] Codigo   | Nombre Centro                       | Num      | Den      | % Cump  
[2026-04-22 13:37:47] ---------------------------------------------------------------------------
[2026-04-22 13:37:47] 121305   | VILLA ALEGRE                        | 19.0     | 300.0    |    6.3%
[2026-04-22 13:37:47] 121306   | SANTA ROSA                          | 14.0     | 309.0    |    4.5%
[2026-04-22 13:37:47] 121307   | AMANECER                            | 24.0     | 477.0    |    5.0%
[2026-04-22 13:37:47] 121309   | PUEBLO NUEVO                        | 10.0     | 283.0    |    3.5%
[2026-04-22 13:37:47] 121347   | PEDRO DE VALDIVIA                   | 19.0     | 263.0    |    7.2%
[2026-04-22 13:37:47] 121350   | LABRANZA                            | 14.0     | 493.0    |    2.8%
[2026-04-22 13:37:47] 121352   | M. VALECH                           | 0.0      | 99.0     |    0.0%
[2026-04-22 13:37:47] 121780   | EL SALAR                            | 1.0      | 33.0     |    3.0%
[2026-04-22 13:37:47] 121782   | ARQUENCO                            | 2.0      | 45.0     |    4.4%
[2026-04-22 13:37:47] 121788   | LAS QUILAS                          | 4.0      | 51.0     |    7.8%
[2026-04-22 13:37:47] 200183   | EL CARMEN                           | 12.0     | 262.0    |    4.6%
[2026-04-22 13:37:47] ---------------------------------------------------------------------------
[2026-04-22 13:37:47] RED      | TOTAL CONSOLIDADO                   | 119.0    | 2615.0   |    4.6%
[2026-04-22 13:37:47] 
--- META 6 ---
[2026-04-22 13:37:47] Codigo   | Nombre Centro                       | Num      | Den      | % Cump  
[2026-04-22 13:37:47] ---------------------------------------------------------------------------
[2026-04-22 13:37:47] 121305   | VILLA ALEGRE                        | 14.0     | 24.0     |   58.3%
[2026-04-22 13:37:47] 121306   | SANTA ROSA                          | 21.0     | 29.0     |   72.4%
[2026-04-22 13:37:47] 121307   | AMANECER                            | 16.0     | 39.0     |   41.0%
[2026-04-22 13:37:47] 121309   | PUEBLO NUEVO                        | 14.0     | 27.0     |   51.9%
[2026-04-22 13:37:47] 121347   | PEDRO DE VALDIVIA                   | 11.0     | 14.0     |   78.6%
[2026-04-22 13:37:47] 121350   | LABRANZA                            | 16.0     | 34.0     |   47.1%
[2026-04-22 13:37:47] 121352   | M. VALECH                           | 2.0      | 5.0      |   40.0%
[2026-04-22 13:37:47] 121780   | EL SALAR                            | 2.0      | 6.0      |   33.3%
[2026-04-22 13:37:47] 121782   | ARQUENCO                            | 1.0      | 2.0      |   50.0%
[2026-04-22 13:37:47] 121788   | LAS QUILAS                          | 1.0      | 2.0      |   50.0%
[2026-04-22 13:37:47] 200183   | EL CARMEN                           | 15.0     | 25.0     |   60.0%
[2026-04-22 13:37:47] ---------------------------------------------------------------------------
[2026-04-22 13:37:47] RED      | TOTAL CONSOLIDADO                   | 113.0    | 207.0    |   54.6%
[2026-04-22 13:37:47] ================================================================================

[2026-04-22 13:37:47] [13:37:47] Iniciando lote de calculos para 2026-3...
[2026-04-22 13:38:12] [13:38:12] Lote de calculos finalizado.
[2026-04-22 13:38:12] 
================================================================================
[2026-04-22 13:38:12] === RESUMEN EXTRACCION METAS | PERIODO: 2026-03 ===
[2026-04-22 13:38:12] ================================================================================
[2026-04-22 13:38:12] 
--- META 1 ---
[2026-04-22 13:38:12] Codigo   | Nombre Centro                       | Num      | Den      | % Cump  
[2026-04-22 13:38:12] ---------------------------------------------------------------------------
[2026-04-22 13:38:12] 121305   | VILLA ALEGRE                        | 2.0      | 5.0      |   40.0%
[2026-04-22 13:38:12] 121306   | SANTA ROSA                          | 2.0      | 6.0      |   33.3%
[2026-04-22 13:38:12] 121307   | AMANECER                            | 4.0      | 6.0      |   66.7%
[2026-04-22 13:38:12] 121309   | PUEBLO NUEVO                        | 3.0      | 2.0      |  150.0%
[2026-04-22 13:38:12] 121347   | PEDRO DE VALDIVIA                   | 0.0      | 2.0      |    0.0%
[2026-04-22 13:38:12] 121350   | LABRANZA                            | 4.0      | 10.0     |   40.0%
[2026-04-22 13:38:12] 121352   | M. VALECH                           | 2.0      | 4.0      |   50.0%
[2026-04-22 13:38:12] 121780   | EL SALAR                            | 0.0      | 0.0      |    0.0%
[2026-04-22 13:38:12] 121782   | ARQUENCO                            | 0.0      | 0.0      |    0.0%
[2026-04-22 13:38:12] 121788   | LAS QUILAS                          | 0.0      | 0.0      |    0.0%
[2026-04-22 13:38:12] 200183   | EL CARMEN                           | 3.0      | 11.0     |   27.3%
[2026-04-22 13:38:12] ---------------------------------------------------------------------------
[2026-04-22 13:38:12] RED      | TOTAL CONSOLIDADO                   | 20.0     | 46.0     |   43.5%
[2026-04-22 13:38:12] 
--- META 3A ---
[2026-04-22 13:38:12] Codigo   | Nombre Centro                       | Num      | Den      | % Cump  
[2026-04-22 13:38:12] ---------------------------------------------------------------------------
[2026-04-22 13:38:12] 121305   | VILLA ALEGRE                        | 382.0    | 2469.0   |   15.5%
[2026-04-22 13:38:12] 121306   | SANTA ROSA                          | 447.0    | 2858.0   |   15.6%
[2026-04-22 13:38:12] 121307   | AMANECER                            | 511.0    | 3809.0   |   13.4%
[2026-04-22 13:38:12] 121309   | PUEBLO NUEVO                        | 325.0    | 2478.0   |   13.1%
[2026-04-22 13:38:12] 121347   | PEDRO DE VALDIVIA                   | 438.0    | 2266.0   |   19.3%
[2026-04-22 13:38:12] 121350   | LABRANZA                            | 505.0    | 4173.0   |   12.1%
[2026-04-22 13:38:12] 121352   | M. VALECH                           | 92.0     | 874.0    |   10.5%
[2026-04-22 13:38:12] 121780   | EL SALAR                            | 53.0     | 324.0    |   16.4%
[2026-04-22 13:38:12] 121782   | ARQUENCO                            | 87.0     | 375.0    |   23.2%
[2026-04-22 13:38:12] 121788   | LAS QUILAS                          | 47.0     | 360.0    |   13.1%
[2026-04-22 13:38:12] 200183   | EL CARMEN                           | 426.0    | 2403.0   |   17.7%
[2026-04-22 13:38:12] ---------------------------------------------------------------------------
[2026-04-22 13:38:12] RED      | TOTAL CONSOLIDADO                   | 3313.0   | 22389.0  |   14.8%
[2026-04-22 13:38:12] 
--- META 3B ---
[2026-04-22 13:38:12] Codigo   | Nombre Centro                       | Num      | Den      | % Cump  
[2026-04-22 13:38:12] ---------------------------------------------------------------------------
[2026-04-22 13:38:12] 121305   | VILLA ALEGRE                        | 30.0     | 300.0    |   10.0%
[2026-04-22 13:38:12] 121306   | SANTA ROSA                          | 20.0     | 309.0    |    6.5%
[2026-04-22 13:38:12] 121307   | AMANECER                            | 36.0     | 477.0    |    7.5%
[2026-04-22 13:38:12] 121309   | PUEBLO NUEVO                        | 23.0     | 283.0    |    8.1%
[2026-04-22 13:38:12] 121347   | PEDRO DE VALDIVIA                   | 29.0     | 263.0    |   11.0%
[2026-04-22 13:38:12] 121350   | LABRANZA                            | 25.0     | 493.0    |    5.1%
[2026-04-22 13:38:12] 121352   | M. VALECH                           | 1.0      | 99.0     |    1.0%
[2026-04-22 13:38:12] 121780   | EL SALAR                            | 3.0      | 33.0     |    9.1%
[2026-04-22 13:38:12] 121782   | ARQUENCO                            | 5.0      | 45.0     |   11.1%
[2026-04-22 13:38:12] 121788   | LAS QUILAS                          | 7.0      | 51.0     |   13.7%
[2026-04-22 13:38:12] 200183   | EL CARMEN                           | 18.0     | 262.0    |    6.9%
[2026-04-22 13:38:12] ---------------------------------------------------------------------------
[2026-04-22 13:38:12] RED      | TOTAL CONSOLIDADO                   | 197.0    | 2615.0   |    7.5%
[2026-04-22 13:38:12] 
--- META 6 ---
[2026-04-22 13:38:12] Codigo   | Nombre Centro                       | Num      | Den      | % Cump  
[2026-04-22 13:38:12] ---------------------------------------------------------------------------
[2026-04-22 13:38:12] 121305   | VILLA ALEGRE                        | 18.0     | 32.0     |   56.2%
[2026-04-22 13:38:12] 121306   | SANTA ROSA                          | 32.0     | 45.0     |   71.1%
[2026-04-22 13:38:12] 121307   | AMANECER                            | 26.0     | 65.0     |   40.0%
[2026-04-22 13:38:12] 121309   | PUEBLO NUEVO                        | 20.0     | 42.0     |   47.6%
[2026-04-22 13:38:12] 121347   | PEDRO DE VALDIVIA                   | 13.0     | 18.0     |   72.2%
[2026-04-22 13:38:12] 121350   | LABRANZA                            | 33.0     | 72.0     |   45.8%
[2026-04-22 13:38:12] 121352   | M. VALECH                           | 3.0      | 10.0     |   30.0%
[2026-04-22 13:38:12] 121780   | EL SALAR                            | 2.0      | 6.0      |   33.3%
[2026-04-22 13:38:12] 121782   | ARQUENCO                            | 5.0      | 6.0      |   83.3%
[2026-04-22 13:38:12] 121788   | LAS QUILAS                          | 5.0      | 7.0      |   71.4%
[2026-04-22 13:38:12] 200183   | EL CARMEN                           | 25.0     | 39.0     |   64.1%
[2026-04-22 13:38:12] ---------------------------------------------------------------------------
[2026-04-22 13:38:12] RED      | TOTAL CONSOLIDADO                   | 182.0    | 342.0    |   53.2%
[2026-04-22 13:38:12] ================================================================================

[2026-04-22 13:38:12] [BI] FCT_Produccion.parquet escrito: 132 filas.
